Relative characters
1	0.4	0
2	0.4	0
3	0.6	0
4	0.4	0
5	0.533333333333333	0
6	0.533333333333333	0
7	0.4	0
8	0.4	0
9	0.533333333333333	0
10	0.6	0
11	0.6	0
12	-0.2	0
13	0.6	0
14	0.533333333333333	0
15	0.533333333333333	0
16	0.533333333333333	0
17	0.4	0
18	0.533333333333333	0
19	0.533333333333333	0
20	0.4	0
21	0.533333333333333	0
22	0.533333333333333	0
23	0.533333333333333	0
24	0.533333333333333	0
25	0.4	0
26	0.4	1
27	0.333333333333333	1
28	0.4	1
29	0.133333333333334	1
30	0.333333333333333	1
31	0.4	1
32	0.4	1
33	0.333333333333333	1
34	0.4	1
35	0.4	1
36	0.4	1
37	0.4	1
38	0.4	1
39	0.333333333333333	1
40	0.4	1
41	0.333333333333333	1
42	0.533333333333333	0
43	0.333333333333333	1
44	0.4	0
45	0.333333333333333	1
46	0.4	1
47	0.333333333333333	1
48	0.4	1
49	0.333333333333333	1
50	0.333333333333333	1
51	0.333333333333333	1
52	0.333333333333333	1
53	0.333333333333333	1
54	0.4	1
55	0.333333333333333	1
56	0.4	1
57	0.4	1
58	0.4	1
59	0.333333333333333	1
60	0.4	1
61	0.333333333333333	1
62	0.4	1
63	0.333333333333333	1
64	0.4	1
65	0.333333333333333	1
66	0.333333333333333	1
67	0.6	0
68	0.6	0
69	0.533333333333333	0
70	0.4	0
71	0.533333333333333	0
72	0.533333333333333	0
73	0.533333333333333	0
74	0.533333333333333	0
75	0.533333333333333	0
76	0.533333333333333	0
77	0.4	0
78	0.4	0
79	0.533333333333333	0
80	0.533333333333333	0
81	0.4	1
82	0.333333333333333	1
83	0.333333333333333	1
84	0.4	1
85	0.333333333333333	1
86	0.6	0
87	0.4	0
88	0.4	0
89	0.4	0
90	0.533333333333333	0
91	0.4	0
92	0.333333333333333	1
93	0.333333333333333	1
94	0.333333333333333	1
95	0.533333333333333	0
96	0.333333333333333	1
97	0.333333333333333	1
98	0.333333333333333	1
99	0.333333333333333	1

Distances
Australopithecus_afarensis	Australopithecus_afarensis	0
Australopithecus_afarensis	Australopithecus_africanus	0.219178082191781
Australopithecus_afarensis	Australopithecus_sediba	0.397260273972603
Australopithecus_afarensis	Homo_naledi	0.575342465753425
Australopithecus_afarensis	Homo_neanderthalensis	0.821917808219178
Australopithecus_afarensis	Homo_sapiens	0.712328767123288
Australopithecus_africanus	Australopithecus_afarensis	0.219178082191781
Australopithecus_africanus	Australopithecus_africanus	0
Australopithecus_africanus	Australopithecus_sediba	0.397260273972603
Australopithecus_africanus	Homo_naledi	0.438356164383562
Australopithecus_africanus	Homo_neanderthalensis	0.821917808219178
Australopithecus_africanus	Homo_sapiens	0.73972602739726
Australopithecus_sediba	Australopithecus_afarensis	0.397260273972603
Australopithecus_sediba	Australopithecus_africanus	0.397260273972603
Australopithecus_sediba	Australopithecus_sediba	0
Australopithecus_sediba	Homo_naledi	0.342465753424658
Australopithecus_sediba	Homo_neanderthalensis	0.780821917808219
Australopithecus_sediba	Homo_sapiens	0.780821917808219
Homo_naledi	Australopithecus_afarensis	0.575342465753425
Homo_naledi	Australopithecus_africanus	0.438356164383562
Homo_naledi	Australopithecus_sediba	0.342465753424658
Homo_naledi	Homo_naledi	0
Homo_naledi	Homo_neanderthalensis	0.575342465753425
Homo_naledi	Homo_sapiens	0.575342465753425
Homo_neanderthalensis	Australopithecus_afarensis	0.821917808219178
Homo_neanderthalensis	Australopithecus_africanus	0.821917808219178
Homo_neanderthalensis	Australopithecus_sediba	0.780821917808219
Homo_neanderthalensis	Homo_naledi	0.575342465753425
Homo_neanderthalensis	Homo_neanderthalensis	0
Homo_neanderthalensis	Homo_sapiens	0.164383561643836
Homo_sapiens	Australopithecus_afarensis	0.712328767123288
Homo_sapiens	Australopithecus_africanus	0.73972602739726
Homo_sapiens	Australopithecus_sediba	0.780821917808219
Homo_sapiens	Homo_naledi	0.575342465753425
Homo_sapiens	Homo_neanderthalensis	0.164383561643836
Homo_sapiens	Homo_sapiens	0
